<?xml version="1.0" encoding="UTF-8"?>
<!-- Generated by org.testng.reporters.JUnitReportReporter -->
<testsuite hostname="Kaustubh" failures="0" tests="2" name="automationFramework.tests.ErrorValidation" time="24.660" errors="0" timestamp="2023-12-20T20:00:42 IST" skipped="0">
  <testcase classname="automationFramework.tests.ErrorValidation" name="LoginErrorValidation" time="12.961"/>
  <system-out/>
  <testcase classname="automationFramework.tests.ErrorValidation" name="ProductErrorValidation" time="11.699"/>
  <system-out/>
</testsuite> <!-- automationFramework.tests.ErrorValidation -->
