<?xml version="1.0" encoding="UTF-8"?>
<!-- Generated by org.testng.reporters.JUnitReportReporter -->
<testsuite hostname="Kaustubh" failures="0" tests="2" name="automationFramework.tests.submitOrderTest" time="18.990" errors="0" timestamp="2023-12-20T20:00:42 IST" skipped="0">
  <testcase classname="automationFramework.tests.submitOrderTest" name="submitOrder" time="13.138"/>
  <system-out/>
  <testcase classname="automationFramework.tests.submitOrderTest" name="orderHistoryCheck" time="5.852"/>
  <system-out/>
</testsuite> <!-- automationFramework.tests.submitOrderTest -->
